<?xml version="1.0" encoding="UTF-8"?>
<!-- Generated by org.testng.reporters.JUnitXMLReporter -->
<testsuite ignored="0" hostname="ROSHAN-HP" failures="0" tests="6" name="Default test" time="10.209" errors="0" timestamp="2025-06-18T14:30:18 IST">
  <testcase classname="api.test.DataDrivenTest" name="testPostuser" time="3.156"/>
  <testcase classname="api.test.DataDrivenTest" name="testPostuser" time="1.172"/>
  <testcase classname="api.test.DataDrivenTest" name="testPostuser" time="1.104"/>
  <testcase classname="api.test.DataDrivenTest" name="testDeleteUserByNameByName" time="1.129"/>
  <testcase classname="api.test.DataDrivenTest" name="testDeleteUserByNameByName" time="1.105"/>
  <testcase classname="api.test.DataDrivenTest" name="testDeleteUserByNameByName" time="1.08"/>
</testsuite> <!-- Default test -->
