<?xml version="1.0" encoding="UTF-8"?>
<testng-results ignored="0" total="4" passed="4" failed="0" skipped="0">
  <reporter-output>
  </reporter-output>
  <suite started-at="2025-06-19T12:16:15 IST" name="PetSuite" finished-at="2025-06-19T12:16:23 IST" duration-ms="7776">
    <groups>
    </groups>
    <test started-at="2025-06-19T12:16:15 IST" name="PetTest" finished-at="2025-06-19T12:16:23 IST" duration-ms="7776">
      <class name="api.test.UserTest2Properties">
        <test-method is-config="true" signature="setup()[pri:0, instance:api.test.UserTest2Properties@7ca20101]" started-at="2025-06-19T12:16:16 IST" name="setup" finished-at="2025-06-19T12:16:16 IST" duration-ms="156" status="PASS">
          <reporter-output>
          </reporter-output>
        </test-method> <!-- setup -->
        <test-method signature="testPostUser()[pri:1, instance:api.test.UserTest2Properties@7ca20101]" started-at="2025-06-19T12:16:16 IST" name="testPostUser" finished-at="2025-06-19T12:16:19 IST" duration-ms="2692" status="PASS">
          <reporter-output>
          </reporter-output>
        </test-method> <!-- testPostUser -->
        <test-method signature="testGetUserByName()[pri:2, instance:api.test.UserTest2Properties@7ca20101]" started-at="2025-06-19T12:16:19 IST" name="testGetUserByName" finished-at="2025-06-19T12:16:20 IST" depends-on-methods="api.test.UserTest2Properties.testPostUser" duration-ms="1291" status="PASS">
          <reporter-output>
          </reporter-output>
        </test-method> <!-- testGetUserByName -->
        <test-method signature="testUpdateUserByName()[pri:3, instance:api.test.UserTest2Properties@7ca20101]" started-at="2025-06-19T12:16:20 IST" name="testUpdateUserByName" finished-at="2025-06-19T12:16:22 IST" duration-ms="2316" status="PASS">
          <reporter-output>
          </reporter-output>
        </test-method> <!-- testUpdateUserByName -->
        <test-method signature="testDeleteByName()[pri:4, instance:api.test.UserTest2Properties@7ca20101]" started-at="2025-06-19T12:16:22 IST" name="testDeleteByName" finished-at="2025-06-19T12:16:23 IST" duration-ms="1123" status="PASS">
          <reporter-output>
          </reporter-output>
        </test-method> <!-- testDeleteByName -->
      </class> <!-- api.test.UserTest2Properties -->
    </test> <!-- PetTest -->
  </suite> <!-- PetSuite -->
</testng-results>
