<?xml version="1.0" encoding="UTF-8"?>
<!-- Generated by org.testng.reporters.JUnitXMLReporter -->
<testsuite ignored="0" hostname="ROSHAN-HP" failures="0" tests="4" name="PetTest" time="7.885" errors="0" timestamp="2025-06-19T11:02:42 IST">
  <testcase classname="api.test.UserTest2Properties" name="testPostUser" time="2.804"/>
  <testcase classname="api.test.UserTest2Properties" name="testGetUserByName" time="1.211"/>
  <testcase classname="api.test.UserTest2Properties" name="testUpdateUserByName" time="2.348"/>
  <testcase classname="api.test.UserTest2Properties" name="testDeleteByName" time="1.129"/>
</testsuite> <!-- PetTest -->
